  dumpster.cpp
  edit.cpp
  game.cpp
  garbage.cpp
  justdust.cpp
  manager.cpp
  meshfield.cpp
  player.cpp
  rockon.cpp
  target.cpp
  tutorial.cpp
  uigage.cpp
  uioperation.cpp
  uitarget.cpp
  コード生成しています。
  9 of 623 functions ( 1.4%) were compiled, the rest were copied from previous compilation.
    0 functions were new in current compilation
    8 functions had inline decision re-evaluated but remain unchanged
  コード生成が終了しました。
  FirstDirectX001.vcxproj -> C:\Users\student\Desktop\Garbage()\Garbage\polygon++003\FirstDirectX001.exe
  FirstDirectX001.vcxproj -> C:\Users\student\Desktop\Garbage()\Garbage\polygon++003\FirstDirectX001.pdb (Full PDB)
